
****** PlanAhead v14.7 (64-bit)
  **** Build 321239 by xbuild on Fri Sep 27 19:29:51 MDT 2013
    ** Copyright 1986-1999, 2001-2013 Xilinx, Inc. All Rights Reserved.

INFO: [Common 17-78] Attempting to get a license: PlanAhead
INFO: [Common 17-290] Got license for PlanAhead
INFO: [Device 21-36] Loading parts and site information from D:/ise/14.7/ISE_DS/PlanAhead/data/parts/arch.xml
Parsing RTL primitives file [D:/ise/14.7/ISE_DS/PlanAhead/data/parts/xilinx/rtl/prims/rtl_prims.xml]
Finished parsing RTL primitives file [D:/ise/14.7/ISE_DS/PlanAhead/data/parts/xilinx/rtl/prims/rtl_prims.xml]
start_gui
source D:/szdl/D/pa.fromNetlist.tcl
# create_project -name D -dir "D:/szdl/D/planAhead_run_5" -part xc7a100tfgg484-2L
# set_property design_mode GateLvl [get_property srcset [current_run -impl]]
# set_property edif_top_file "D:/szdl/D/D.ngc" [ get_property srcset [ current_run ] ]
# add_files -norecurse { {D:/szdl/D} }
# set_param project.pinAheadLayout  yes
# set_property target_constrs_file "D.ucf" [current_fileset -constrset]
Adding file 'D:/szdl/D/D.ucf' to fileset 'constrs_1'
# add_files [list {D.ucf}] -fileset [get_property constrset [current_run]]
# link_design
Design is defaulting to srcset: sources_1
Design is defaulting to constrset: constrs_1
Design is defaulting to project part: xc7a100tfgg484-2L
Release 14.7 - ngc2edif P.20131013 (nt64)
Copyright (c) 1995-2013 Xilinx, Inc.  All rights reserved.
Reading design D.ngc ...
WARNING:NetListWriters:298 - No output is written to D.xncf, ignored.
Processing design ...
   Preping design's networks ...
   Preping design's macros ...
  finished :Prep
Writing EDIF netlist file D.edif ...
ngc2edif: Total memory usage is 4316848 kilobytes

Parsing EDIF File [./planAhead_run_5/D.data/cache/D_ngc_zx.edif]
Finished Parsing EDIF File [./planAhead_run_5/D.data/cache/D_ngc_zx.edif]
INFO: [Netlist 29-17] Analyzing 4 Unisim elements for replacement
INFO: [Netlist 29-28] Unisim Transformation completed in 0 CPU seconds
Loading clock regions from D:/ise/14.7/ISE_DS/PlanAhead/data\parts/xilinx/artix7/artix7/xc7a100t/ClockRegion.xml
Loading clock buffers from D:/ise/14.7/ISE_DS/PlanAhead/data\parts/xilinx/artix7/artix7/xc7a100t/ClockBuffers.xml
Loading clock placement rules from D:/ise/14.7/ISE_DS/PlanAhead/data/parts/xilinx/artix7/ClockPlacerRules.xml
Loading package pin functions from D:/ise/14.7/ISE_DS/PlanAhead/data\parts/xilinx/artix7/PinFunctions.xml...
Loading package from D:/ise/14.7/ISE_DS/PlanAhead/data\parts/xilinx/artix7/artix7/xc7a100t/fgg484/Package.xml
Loading io standards from D:/ise/14.7/ISE_DS/PlanAhead/data\./parts/xilinx/artix7/IOStandards.xml
Loading device configuration modes from D:/ise/14.7/ISE_DS/PlanAhead/data\parts/xilinx/artix7/ConfigModes.xml
Loading list of drcs for the architecture : D:/ise/14.7/ISE_DS/PlanAhead/data\./parts/xilinx/artix7/drc.xml
Parsing UCF File [D:/szdl/D/D.ucf]
Finished Parsing UCF File [D:/szdl/D/D.ucf]
INFO: [Project 1-111] Unisim Transformation Summary:
  A total of 4 instances were transformed.
  BUFGP => BUFGP (IBUF, BUFG): 1 instances
  FDC => FDCE: 1 instances
  FDP => FDPE: 1 instances
  LDC => LDCE: 1 instances

Phase 0 | Netlist Checksum: 37de8f76
link_design: Time (s): elapsed = 00:00:10 . Memory (MB): peak = 855.996 ; gain = 318.797
startgroup
set_property package_pin T5 [get_ports pre]
endgroup
save_constraints
startgroup
set_property package_pin V8 [get_ports clr]
endgroup
startgroup
set_property package_pin U3 [get_ports pre]
endgroup
startgroup
set_property package_pin V3 [get_ports d]
endgroup
save_constraints
startgroup
set_property package_pin T4 [get_ports clr]
endgroup
save_constraints -force
startgroup
set_property package_pin T3 [get_ports clk]
endgroup
startgroup
set_property package_pin W4 [get_ports d]
endgroup
startgroup
set_property package_pin U3 [get_ports pre]
endgroup
startgroup
set_property package_pin V4 [get_ports clr]
endgroup
save_constraints -force
startgroup
set_property package_pin V3 [get_ports pre]
endgroup
startgroup
set_property package_pin R1 [get_ports q]
endgroup
save_constraints -force
startgroup
set_property package_pin P2 [get_ports qn]
endgroup
save_constraints -force
startgroup
set_property package_pin R4 [get_ports clk]
endgroup
save_constraints -force
startgroup
set_property package_pin V4 [get_ports clr]
endgroup
startgroup
set_property package_pin T5 [get_ports pre]
endgroup
startgroup
set_property package_pin V8 [get_ports clr]
endgroup
save_constraints -force
exit
ERROR: [Common 17-39] 'stop_gui' failed due to earlier errors.
INFO: [Common 17-206] Exiting PlanAhead at Wed Dec 01 11:08:19 2021...
INFO: [Common 17-83] Releasing license: PlanAhead
